[debug] [2023-07-07T04:36:10.285Z] ----------------------------------------------------------------------
[debug] [2023-07-07T04:36:10.286Z] Command:       C:\Program Files\nodejs\node.exe C:\Users\shukn\AppData\Roaming\npm\node_modules\firebase-tools\lib\bin\firebase.js init hosting
[debug] [2023-07-07T04:36:10.286Z] CLI Version:   12.4.3
[debug] [2023-07-07T04:36:10.287Z] Platform:      win32
[debug] [2023-07-07T04:36:10.287Z] Node Version:  v18.16.0
[debug] [2023-07-07T04:36:10.287Z] Time:          Fri Jul 07 2023 10:36:10 GMT+0600 (Bangladesh Standard Time)
[debug] [2023-07-07T04:36:10.287Z] ----------------------------------------------------------------------
[debug] 
[debug] [2023-07-07T04:36:10.292Z] > command requires scopes: ["email","openid","https://www.googleapis.com/auth/cloudplatformprojects.readonly","https://www.googleapis.com/auth/firebase","https://www.googleapis.com/auth/cloud-platform"]
[debug] [2023-07-07T04:36:10.292Z] > authorizing via signed-in user (mhasan151321@bscse.uiu.ac.bd)
[info] 
     ######## #### ########  ######## ########     ###     ######  ########
     ##        ##  ##     ## ##       ##     ##  ##   ##  ##       ##
     ######    ##  ########  ######   ########  #########  ######  ######
     ##        ##  ##    ##  ##       ##     ## ##     ##       ## ##
     ##       #### ##     ## ######## ########  ##     ##  ######  ########

You're about to initialize a Firebase project in this directory:

  C:\Users\shukn\FP\FP

[info] 
=== Project Setup
[info] 
[info] First, let's associate this project directory with a Firebase project.
[info] You can create multiple project aliases by running firebase use --add, 
[info] but for now we'll just set up a default project.
[info] 
[debug] [2023-07-07T04:36:21.711Z] >>> [apiv2][query] GET https://firebase.googleapis.com/v1beta1/projects pageSize=100
[debug] [2023-07-07T04:36:22.794Z] <<< [apiv2][status] GET https://firebase.googleapis.com/v1beta1/projects 200
[debug] [2023-07-07T04:36:22.794Z] <<< [apiv2][body] GET https://firebase.googleapis.com/v1beta1/projects [omitted]
[info] i  Using project uiu-nroute (UIU nRoute) 
[info] 
=== Hosting Setup
[info] 
[info] Your public directory is the folder (relative to your project directory) that
[info] will contain Hosting assets to be uploaded with firebase deploy. If you
[info] have a build process for your assets, use your build's output directory.
[info] 
[debug] [2023-07-07T04:36:59.639Z] >>> [apiv2][query] GET https://www.gstatic.com/firebasejs/releases.json [none]
[debug] [2023-07-07T04:36:59.859Z] <<< [apiv2][status] GET https://www.gstatic.com/firebasejs/releases.json 200
[debug] [2023-07-07T04:36:59.859Z] <<< [apiv2][body] GET https://www.gstatic.com/firebasejs/releases.json {"current":{"version":"10.0.0","browserURL":"https://www.gstatic.com/firebasejs/10.0.0/firebase.js","packageURL":"https://www.gstatic.com/firebasejs/10.0.0/firebase.tgz"},"live":{"version":"10.0","browserURL":"https://www.gstatic.com/firebasejs/live/10.0/firebase.js","packageURL":"https://www.gstatic.com/firebasejs/live/10.0/firebase.tgz"},"components":{"analytics":"https://www.gstatic.com/firebasejs/10.0.0/firebase-analytics.js","app":"https://www.gstatic.com/firebasejs/10.0.0/firebase-app.js","app-check":"https://www.gstatic.com/firebasejs/10.0.0/firebase-app-check.js","auth":"https://www.gstatic.com/firebasejs/10.0.0/firebase-auth.js","auth/cordova":"https://www.gstatic.com/firebasejs/10.0.0/firebase-auth/cordova.js","functions":"https://www.gstatic.com/firebasejs/10.0.0/firebase-functions.js","firestore":"https://www.gstatic.com/firebasejs/10.0.0/firebase-firestore.js","firestore/lite":"https://www.gstatic.com/firebasejs/10.0.0/firebase-firestore/lite.js","installations":"https://www.gstatic.com/firebasejs/10.0.0/firebase-installations.js","storage":"https://www.gstatic.com/firebasejs/10.0.0/firebase-storage.js","performance":"https://www.gstatic.com/firebasejs/10.0.0/firebase-performance.js","remote-config":"https://www.gstatic.com/firebasejs/10.0.0/firebase-remote-config.js","messaging":"https://www.gstatic.com/firebasejs/10.0.0/firebase-messaging.js","messaging/sw":"https://www.gstatic.com/firebasejs/10.0.0/firebase-messaging/sw.js","database":"https://www.gstatic.com/firebasejs/10.0.0/firebase-database.js","firestore.memory":"https://www.gstatic.com/firebasejs/10.0.0/firebase-firestore.memory.js"}}
[info] +  Wrote public/index.html 
[info] 
[info] i  Detected a .git folder at C:\Users\shukn\FP\FP 
[info] i  Authorizing with GitHub to upload your service account to a GitHub repository's secrets store. 
[info] 
[info] Visit this URL on this device to log in:
[info] https://github.com/login/oauth/authorize?client_id=89cf50f02ac6aaed3484&state=704632948&redirect_uri=http%3A%2F%2Flocalhost%3A9005&scope=read%3Auser%20repo%20public_repo
[info] 
[info] Waiting for authentication...
[debug] [2023-07-07T04:37:18.763Z] >>> [apiv2][query] POST https://github.com/login/oauth/access_token [none]
[debug] [2023-07-07T04:37:18.763Z] >>> [apiv2][body] POST https://github.com/login/oauth/access_token [stream]
[debug] [2023-07-07T04:37:19.302Z] <<< [apiv2][status] POST https://github.com/login/oauth/access_token 200
[debug] [2023-07-07T04:37:19.302Z] <<< [apiv2][body] POST https://github.com/login/oauth/access_token {"access_token":"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","token_type":"bearer","scope":"read:user,repo"}
[debug] [2023-07-07T04:37:19.312Z] >>> [apiv2][query] GET https://api.github.com/user [none]
[debug] [2023-07-07T04:37:19.877Z] <<< [apiv2][status] GET https://api.github.com/user 200
[debug] [2023-07-07T04:37:19.877Z] <<< [apiv2][body] GET https://api.github.com/user {"login":"rhasan151","id":63343721,"node_id":"MDQ6VXNlcjYzMzQzNzIx","avatar_url":"https://avatars.githubusercontent.com/u/63343721?v=4","gravatar_id":"","url":"https://api.github.com/users/rhasan151","html_url":"https://github.com/rhasan151","followers_url":"https://api.github.com/users/rhasan151/followers","following_url":"https://api.github.com/users/rhasan151/following{/other_user}","gists_url":"https://api.github.com/users/rhasan151/gists{/gist_id}","starred_url":"https://api.github.com/users/rhasan151/starred{/owner}{/repo}","subscriptions_url":"https://api.github.com/users/rhasan151/subscriptions","organizations_url":"https://api.github.com/users/rhasan151/orgs","repos_url":"https://api.github.com/users/rhasan151/repos","events_url":"https://api.github.com/users/rhasan151/events{/privacy}","received_events_url":"https://api.github.com/users/rhasan151/received_events","type":"User","site_admin":false,"name":"Rokib Hasan","company":null,"blog":"","location":null,"email":null,"hireable":null,"bio":null,"twitter_username":null,"public_repos":1,"public_gists":0,"followers":0,"following":1,"created_at":"2020-04-08T09:24:52Z","updated_at":"2023-06-20T18:02:34Z","private_gists":0,"total_private_repos":1,"owned_private_repos":1,"disk_usage":1885,"collaborators":2,"two_factor_authentication":false,"plan":{"name":"free","space":976562499,"collaborators":0,"private_repos":10000}}
[info] 
[info] +  Success! Logged into GitHub as rhasan151 
[info] 
[debug] [2023-07-07T04:37:35.110Z] >>> [apiv2][query] GET https://api.github.com/repos//actions/secrets/public-key type=owner
[debug] [2023-07-07T04:37:35.568Z] <<< [apiv2][status] GET https://api.github.com/repos//actions/secrets/public-key 404
[debug] [2023-07-07T04:37:35.568Z] <<< [apiv2][body] GET https://api.github.com/repos//actions/secrets/public-key {"message":"Not Found","documentation_url":"https://docs.github.com/rest"}
[info] 
[info] 
[error] !  The provided authorization cannot be used with this repository. If this repository is in an organization, did you remember to grant access? 
[info] 
[info] i  Action required: Visit this URL to ensure access has been granted to the appropriate organization(s) for the Firebase CLI GitHub OAuth App: 
[info] https://github.com/settings/connections/applications/89cf50f02ac6aaed3484
[info] 
[debug] [2023-07-07T04:37:56.701Z] >>> [apiv2][query] GET https://api.github.com/repos/UIU-nRoute-Web/actions/secrets/public-key type=owner
[debug] [2023-07-07T04:37:57.352Z] <<< [apiv2][status] GET https://api.github.com/repos/UIU-nRoute-Web/actions/secrets/public-key 404
[debug] [2023-07-07T04:37:57.352Z] <<< [apiv2][body] GET https://api.github.com/repos/UIU-nRoute-Web/actions/secrets/public-key {"message":"Not Found","documentation_url":"https://docs.github.com/rest"}
[info] 
[info] 
[error] !  The provided authorization cannot be used with this repository. If this repository is in an organization, did you remember to grant access? 
[info] 
[info] i  Action required: Visit this URL to ensure access has been granted to the appropriate organization(s) for the Firebase CLI GitHub OAuth App: 
[info] https://github.com/settings/connections/applications/89cf50f02ac6aaed3484
[info] 
[debug] [2023-07-07T04:39:42.364Z] ----------------------------------------------------------------------
[debug] [2023-07-07T04:39:42.365Z] Command:       C:\Program Files\nodejs\node.exe C:\Users\shukn\AppData\Roaming\npm\node_modules\firebase-tools\lib\bin\firebase.js init hosting
[debug] [2023-07-07T04:39:42.365Z] CLI Version:   12.4.3
[debug] [2023-07-07T04:39:42.365Z] Platform:      win32
[debug] [2023-07-07T04:39:42.366Z] Node Version:  v18.16.0
[debug] [2023-07-07T04:39:42.366Z] Time:          Fri Jul 07 2023 10:39:42 GMT+0600 (Bangladesh Standard Time)
[debug] [2023-07-07T04:39:42.366Z] ----------------------------------------------------------------------
[debug] 
[debug] [2023-07-07T04:39:42.371Z] > command requires scopes: ["email","openid","https://www.googleapis.com/auth/cloudplatformprojects.readonly","https://www.googleapis.com/auth/firebase","https://www.googleapis.com/auth/cloud-platform"]
[debug] [2023-07-07T04:39:42.371Z] > authorizing via signed-in user (mhasan151321@bscse.uiu.ac.bd)
[info] 
     ######## #### ########  ######## ########     ###     ######  ########
     ##        ##  ##     ## ##       ##     ##  ##   ##  ##       ##
     ######    ##  ########  ######   ########  #########  ######  ######
     ##        ##  ##    ##  ##       ##     ## ##     ##       ## ##
     ##       #### ##     ## ######## ########  ##     ##  ######  ########

You're about to initialize a Firebase project in this directory:

  C:\Users\shukn\FP\FP

